<?xml version="1.0" encoding="UTF-8"?>
<testng-results skipped="0" failed="0" total="1" passed="1">
  <reporter-output>
  </reporter-output>
  <suite name="Suite" duration-ms="35760" started-at="2016-04-29T00:43:10Z" finished-at="2016-04-29T00:43:46Z">
    <groups>
    </groups>
    <test name="Test" duration-ms="35760" started-at="2016-04-29T00:43:10Z" finished-at="2016-04-29T00:43:46Z">
      <class name="Jenkins.BasicTest">
        <test-method status="PASS" signature="f()[pri:0, instance:Jenkins.BasicTest@5e025e70]" name="f" duration-ms="35713" started-at="2016-04-28T17:43:10Z" finished-at="2016-04-28T17:43:46Z">
          <reporter-output>
          </reporter-output>
        </test-method> <!-- f -->
      </class> <!-- Jenkins.BasicTest -->
    </test> <!-- Test -->
  </suite> <!-- Suite -->
</testng-results>
